2025-07-11 12:02:36,130 | INFO | Starting the video highlights pipeline...
2025-07-11 12:02:36,130 | INFO | Extracting audio from video...
2025-07-11 12:02:37,755 | INFO | Audio extracted successfully.
2025-07-11 12:02:37,755 | INFO | Splitting audio into chunks...
2025-07-11 12:02:37,797 | INFO | Exported chunk: data/chunks\chunk_0.wav
2025-07-11 12:02:37,799 | INFO | Exported chunk: data/chunks\chunk_1.wav
2025-07-11 12:02:37,800 | INFO | Exported chunk: data/chunks\chunk_2.wav
2025-07-11 12:02:37,802 | INFO | Exported chunk: data/chunks\chunk_3.wav
2025-07-11 12:02:37,804 | INFO | Exported chunk: data/chunks\chunk_4.wav
2025-07-11 12:02:37,806 | INFO | Exported chunk: data/chunks\chunk_5.wav
2025-07-11 12:02:37,808 | INFO | Exported chunk: data/chunks\chunk_6.wav
2025-07-11 12:02:37,810 | INFO | Exported chunk: data/chunks\chunk_7.wav
2025-07-11 12:02:37,812 | INFO | Exported chunk: data/chunks\chunk_8.wav
2025-07-11 12:02:37,813 | INFO | Exported chunk: data/chunks\chunk_9.wav
2025-07-11 12:02:37,815 | INFO | Exported chunk: data/chunks\chunk_10.wav
2025-07-11 12:02:37,817 | INFO | Exported chunk: data/chunks\chunk_11.wav
2025-07-11 12:02:37,818 | INFO | Exported chunk: data/chunks\chunk_12.wav
2025-07-11 12:02:37,820 | INFO | Exported chunk: data/chunks\chunk_13.wav
2025-07-11 12:02:37,822 | INFO | Exported chunk: data/chunks\chunk_14.wav
2025-07-11 12:02:37,823 | INFO | Exported chunk: data/chunks\chunk_15.wav
2025-07-11 12:02:37,825 | INFO | Exported chunk: data/chunks\chunk_16.wav
2025-07-11 12:02:37,827 | INFO | Exported chunk: data/chunks\chunk_17.wav
2025-07-11 12:02:37,829 | INFO | Exported chunk: data/chunks\chunk_18.wav
2025-07-11 12:02:37,831 | INFO | Exported chunk: data/chunks\chunk_19.wav
2025-07-11 12:02:37,832 | INFO | Exported chunk: data/chunks\chunk_20.wav
2025-07-11 12:02:37,838 | INFO | Audio splitting completed. 21 chunks created.
2025-07-11 12:02:37,838 | INFO | Transcribing audio chunks...
2025-07-11 12:02:38,015 | INFO | Transcribing chunk 1/21: data/chunks\chunk_0.wav
2025-07-11 12:02:38,096 | WARNING | C:\Users\Sourik\anaconda3\envs\hackathon\Lib\site-packages\transformers\models\whisper\generation_whisper.py:604: FutureWarning: The input name `inputs` is deprecated. Please make sure to use `input_features` instead.
  warnings.warn(

2025-07-11 12:02:41,137 | WARNING | Missing timestamps in chunk 1, using chunk boundaries.
2025-07-11 12:02:41,137 | INFO | Transcribing chunk 2/21: data/chunks\chunk_1.wav
2025-07-11 12:02:43,442 | WARNING | Missing timestamps in chunk 2, using chunk boundaries.
2025-07-11 12:02:43,442 | INFO | Transcribing chunk 3/21: data/chunks\chunk_2.wav
2025-07-11 12:02:46,407 | WARNING | Missing timestamps in chunk 3, using chunk boundaries.
2025-07-11 12:02:46,407 | INFO | Transcribing chunk 4/21: data/chunks\chunk_3.wav
2025-07-11 12:02:48,987 | WARNING | Missing timestamps in chunk 4, using chunk boundaries.
2025-07-11 12:02:48,989 | INFO | Transcribing chunk 5/21: data/chunks\chunk_4.wav
2025-07-11 12:02:51,600 | WARNING | Missing timestamps in chunk 5, using chunk boundaries.
2025-07-11 12:02:51,600 | INFO | Transcribing chunk 6/21: data/chunks\chunk_5.wav
2025-07-11 12:02:54,590 | WARNING | Missing timestamps in chunk 6, using chunk boundaries.
2025-07-11 12:02:54,590 | INFO | Transcribing chunk 7/21: data/chunks\chunk_6.wav
2025-07-11 12:02:57,555 | WARNING | Missing timestamps in chunk 7, using chunk boundaries.
2025-07-11 12:02:57,556 | INFO | Transcribing chunk 8/21: data/chunks\chunk_7.wav
2025-07-11 12:03:00,694 | WARNING | Missing timestamps in chunk 8, using chunk boundaries.
2025-07-11 12:03:00,694 | INFO | Transcribing chunk 9/21: data/chunks\chunk_8.wav
2025-07-11 12:03:03,124 | WARNING | Missing timestamps in chunk 9, using chunk boundaries.
2025-07-11 12:03:03,125 | INFO | Transcribing chunk 10/21: data/chunks\chunk_9.wav
2025-07-11 12:03:05,513 | WARNING | Missing timestamps in chunk 10, using chunk boundaries.
2025-07-11 12:03:05,513 | INFO | Transcribing chunk 11/21: data/chunks\chunk_10.wav
2025-07-11 12:03:07,696 | WARNING | Missing timestamps in chunk 11, using chunk boundaries.
2025-07-11 12:03:07,697 | INFO | Transcribing chunk 12/21: data/chunks\chunk_11.wav
2025-07-11 12:03:10,072 | WARNING | Missing timestamps in chunk 12, using chunk boundaries.
2025-07-11 12:03:10,072 | INFO | Transcribing chunk 13/21: data/chunks\chunk_12.wav
2025-07-11 12:03:18,815 | WARNING | Missing timestamps in chunk 13, using chunk boundaries.
2025-07-11 12:03:18,815 | INFO | Transcribing chunk 14/21: data/chunks\chunk_13.wav
2025-07-11 12:03:21,156 | WARNING | Missing timestamps in chunk 14, using chunk boundaries.
2025-07-11 12:03:21,157 | INFO | Transcribing chunk 15/21: data/chunks\chunk_14.wav
2025-07-11 12:03:23,807 | WARNING | Missing timestamps in chunk 15, using chunk boundaries.
2025-07-11 12:03:23,808 | INFO | Transcribing chunk 16/21: data/chunks\chunk_15.wav
2025-07-11 12:03:26,954 | WARNING | Missing timestamps in chunk 16, using chunk boundaries.
2025-07-11 12:03:26,954 | INFO | Transcribing chunk 17/21: data/chunks\chunk_16.wav
2025-07-11 12:03:29,954 | WARNING | Missing timestamps in chunk 17, using chunk boundaries.
2025-07-11 12:03:29,954 | INFO | Transcribing chunk 18/21: data/chunks\chunk_17.wav
2025-07-11 12:03:32,859 | WARNING | Missing timestamps in chunk 18, using chunk boundaries.
2025-07-11 12:03:32,859 | INFO | Transcribing chunk 19/21: data/chunks\chunk_18.wav
2025-07-11 12:03:35,033 | WARNING | Missing timestamps in chunk 19, using chunk boundaries.
2025-07-11 12:03:35,033 | INFO | Transcribing chunk 20/21: data/chunks\chunk_19.wav
2025-07-11 12:03:37,930 | WARNING | Missing timestamps in chunk 20, using chunk boundaries.
2025-07-11 12:03:37,930 | INFO | Transcribing chunk 21/21: data/chunks\chunk_20.wav
2025-07-11 12:03:38,342 | WARNING | Missing timestamps in chunk 21, using chunk boundaries.
2025-07-11 12:03:38,342 | INFO | Transcription completed successfully.
2025-07-11 12:03:38,343 | INFO | Merging chunk transcripts into final transcript...
2025-07-11 12:03:38,343 | INFO | Final merged transcript saved at: data/graphics_01_transcription.json
2025-07-11 12:03:38,344 | INFO | Pipeline executed successfully
2025-07-11 12:03:38,344 | INFO | Pipeline completed successfully!
2025-07-11 12:19:46,815 | INFO | Starting the video highlights pipeline...
2025-07-11 12:19:46,815 | INFO | Extracting audio from video...
2025-07-11 12:19:48,466 | INFO | Audio extracted successfully.
2025-07-11 12:19:48,467 | INFO | Splitting audio into chunks...
2025-07-11 12:19:48,505 | INFO | Exported chunk: data/chunks\chunk_0.wav
2025-07-11 12:19:48,507 | INFO | Exported chunk: data/chunks\chunk_1.wav
2025-07-11 12:19:48,508 | INFO | Exported chunk: data/chunks\chunk_2.wav
2025-07-11 12:19:48,510 | INFO | Exported chunk: data/chunks\chunk_3.wav
2025-07-11 12:19:48,511 | INFO | Exported chunk: data/chunks\chunk_4.wav
2025-07-11 12:19:48,512 | INFO | Exported chunk: data/chunks\chunk_5.wav
2025-07-11 12:19:48,514 | INFO | Exported chunk: data/chunks\chunk_6.wav
2025-07-11 12:19:48,515 | INFO | Exported chunk: data/chunks\chunk_7.wav
2025-07-11 12:19:48,517 | INFO | Exported chunk: data/chunks\chunk_8.wav
2025-07-11 12:19:48,519 | INFO | Exported chunk: data/chunks\chunk_9.wav
2025-07-11 12:19:48,520 | INFO | Exported chunk: data/chunks\chunk_10.wav
2025-07-11 12:19:48,521 | INFO | Exported chunk: data/chunks\chunk_11.wav
2025-07-11 12:19:48,523 | INFO | Exported chunk: data/chunks\chunk_12.wav
2025-07-11 12:19:48,524 | INFO | Exported chunk: data/chunks\chunk_13.wav
2025-07-11 12:19:48,526 | INFO | Exported chunk: data/chunks\chunk_14.wav
2025-07-11 12:19:48,528 | INFO | Exported chunk: data/chunks\chunk_15.wav
2025-07-11 12:19:48,530 | INFO | Exported chunk: data/chunks\chunk_16.wav
2025-07-11 12:19:48,531 | INFO | Exported chunk: data/chunks\chunk_17.wav
2025-07-11 12:19:48,533 | INFO | Exported chunk: data/chunks\chunk_18.wav
2025-07-11 12:19:48,534 | INFO | Exported chunk: data/chunks\chunk_19.wav
2025-07-11 12:19:48,535 | INFO | Exported chunk: data/chunks\chunk_20.wav
2025-07-11 12:19:48,541 | INFO | Audio splitting completed. 21 chunks created.
2025-07-11 12:19:48,542 | INFO | Transcribing audio chunks...
2025-07-11 12:19:48,704 | INFO | Transcribing chunk 1/21: data/chunks\chunk_0.wav
2025-07-11 12:19:48,777 | WARNING | C:\Users\Sourik\anaconda3\envs\hackathon\Lib\site-packages\transformers\models\whisper\generation_whisper.py:604: FutureWarning: The input name `inputs` is deprecated. Please make sure to use `input_features` instead.
  warnings.warn(

2025-07-11 12:19:51,850 | INFO | Transcribing chunk 2/21: data/chunks\chunk_1.wav
2025-07-11 12:19:54,420 | INFO | Transcribing chunk 3/21: data/chunks\chunk_2.wav
2025-07-11 12:19:57,635 | INFO | Transcribing chunk 4/21: data/chunks\chunk_3.wav
2025-07-11 12:20:00,220 | INFO | Transcribing chunk 5/21: data/chunks\chunk_4.wav
2025-07-11 12:20:02,885 | INFO | Transcribing chunk 6/21: data/chunks\chunk_5.wav
2025-07-11 12:20:05,881 | INFO | Transcribing chunk 7/21: data/chunks\chunk_6.wav
2025-07-11 12:20:08,777 | INFO | Transcribing chunk 8/21: data/chunks\chunk_7.wav
2025-07-11 12:20:11,896 | INFO | Transcribing chunk 9/21: data/chunks\chunk_8.wav
2025-07-11 12:20:14,455 | INFO | Transcribing chunk 10/21: data/chunks\chunk_9.wav
2025-07-11 12:20:16,892 | INFO | Transcribing chunk 11/21: data/chunks\chunk_10.wav
2025-07-11 12:20:19,186 | INFO | Transcribing chunk 12/21: data/chunks\chunk_11.wav
2025-07-11 12:20:21,428 | INFO | Transcribing chunk 13/21: data/chunks\chunk_12.wav
2025-07-11 12:20:30,490 | INFO | Transcribing chunk 14/21: data/chunks\chunk_13.wav
2025-07-11 12:20:32,778 | INFO | Transcribing chunk 15/21: data/chunks\chunk_14.wav
2025-07-11 12:20:35,501 | INFO | Transcribing chunk 16/21: data/chunks\chunk_15.wav
2025-07-11 12:20:38,709 | INFO | Transcribing chunk 17/21: data/chunks\chunk_16.wav
2025-07-11 12:20:41,791 | INFO | Transcribing chunk 18/21: data/chunks\chunk_17.wav
2025-07-11 12:20:44,705 | INFO | Transcribing chunk 19/21: data/chunks\chunk_18.wav
2025-07-11 12:20:46,882 | INFO | Transcribing chunk 20/21: data/chunks\chunk_19.wav
2025-07-11 12:20:49,735 | INFO | Transcribing chunk 21/21: data/chunks\chunk_20.wav
2025-07-11 12:20:50,117 | INFO | Transcription completed successfully.
2025-07-11 12:20:50,117 | INFO | Merging chunk transcripts into final transcript...
2025-07-11 12:20:50,118 | INFO | Final merged transcript saved at: data/graphics_01_transcription.json
2025-07-11 12:20:50,118 | INFO | Pipeline executed successfully
2025-07-11 12:20:50,119 | INFO | Pipeline completed successfully!
